<?xml version="1.0" encoding="UTF-8"?>
<!-- Generated by org.testng.reporters.JUnitReportReporter -->
<testsuite hostname="DESKTOP-21G44T2" failures="0" tests="1" name="com.automation.utility.LoginPageTest" time="63.652" errors="0" timestamp="2024-07-01T11:31:14 IST" skipped="0">
  <testcase classname="com.automation.utility.LoginPageTest" name="LoginTest" time="63.652"/>
</testsuite> <!-- com.automation.utility.LoginPageTest -->
